[debug] [2026-01-24T19:44:46.585Z] ----------------------------------------------------------------------
[debug] [2026-01-24T19:44:46.639Z] Command:       C:\Program Files\nodejs\node.exe C:\Users\teama\AppData\Roaming\npm\node_modules\firebase-tools\lib\bin\firebase.js init hosting
[debug] [2026-01-24T19:44:46.640Z] CLI Version:   15.3.1
[debug] [2026-01-24T19:44:46.640Z] Platform:      win32
[debug] [2026-01-24T19:44:46.641Z] Node Version:  v24.12.0
[debug] [2026-01-24T19:44:46.641Z] Time:          Sat Jan 24 2026 19:44:46 GMT+0000 (Greenwich Mean Time)
[debug] [2026-01-24T19:44:46.641Z] ----------------------------------------------------------------------
[debug] 
[info] 
     ######## #### ########  ######## ########     ###     ######  ########
     ##        ##  ##     ## ##       ##     ##  ##   ##  ##       ##
     ######    ##  ########  ######   ########  #########  ######  ######
     ##        ##  ##    ##  ##       ##     ## ##     ##       ## ##
     ##       #### ##     ## ######## ########  ##     ##  ######  ########

You're about to initialize a Firebase project in this directory:

  C:\SayBon

Before we get started, keep in mind:

  * You are currently outside your home directory

[info] 
=== Project Setup
[info] 
[info] First, let's associate this project directory with a Firebase project.
[info] You can create multiple project aliases by running firebase use --add, 
[info] 
[debug] [2026-01-24T19:44:59.998Z] > command requires scopes: ["email","openid","https://www.googleapis.com/auth/cloudplatformprojects.readonly","https://www.googleapis.com/auth/firebase","https://www.googleapis.com/auth/cloud-platform"]
[debug] [2026-01-24T19:44:59.999Z] > authorizing via signed-in user (adlaideduah@gmail.com)
[debug] [2026-01-24T19:45:00.002Z] Checked if tokens are valid: true, expires at: 1769287453804
[debug] [2026-01-24T19:45:00.002Z] Checked if tokens are valid: true, expires at: 1769287453804
[debug] [2026-01-24T19:45:00.006Z] >>> [apiv2][query] GET https://firebase.googleapis.com/v1beta1/projects/saybon-3e3c2 [none]
[debug] [2026-01-24T19:45:01.095Z] <<< [apiv2][status] GET https://firebase.googleapis.com/v1beta1/projects/saybon-3e3c2 200
[debug] [2026-01-24T19:45:01.096Z] <<< [apiv2][body] GET https://firebase.googleapis.com/v1beta1/projects/saybon-3e3c2 {"projectId":"saybon-3e3c2","projectNumber":"75085012344","displayName":"SayBon","name":"projects/saybon-3e3c2","resources":{"hostingSite":"saybon-3e3c2"},"state":"ACTIVE","etag":"1_3b196028-d277-45ae-a5bf-f457959dd58c"}
[info] i  Using project saybon-3e3c2 (SayBon) . 
[info] 
=== Hosting Setup
[debug] [2026-01-24T19:45:01.114Z] Checked if tokens are valid: true, expires at: 1769287453804
[debug] [2026-01-24T19:45:01.114Z] Checked if tokens are valid: true, expires at: 1769287453804
[debug] [2026-01-24T19:45:01.115Z] >>> [apiv2][query] GET https://firebase.googleapis.com/v1beta1/projects/saybon-3e3c2 [none]
[debug] [2026-01-24T19:45:01.481Z] <<< [apiv2][status] GET https://firebase.googleapis.com/v1beta1/projects/saybon-3e3c2 200
[debug] [2026-01-24T19:45:01.481Z] <<< [apiv2][body] GET https://firebase.googleapis.com/v1beta1/projects/saybon-3e3c2 {"projectId":"saybon-3e3c2","projectNumber":"75085012344","displayName":"SayBon","name":"projects/saybon-3e3c2","resources":{"hostingSite":"saybon-3e3c2"},"state":"ACTIVE","etag":"1_3b196028-d277-45ae-a5bf-f457959dd58c"}
[info] 
[info] Your public directory is the folder (relative to your project directory) that
[info] will contain Hosting assets to be uploaded with firebase deploy. If you
[info] have a build process for your assets, use your build's output directory.
[info] 
[info] 
[info] i  Didn't detect a .git folder. Assuming C:\SayBon is the project root. 
[info] i  Authorizing with GitHub to upload your service account to a GitHub repository's secrets store. 
[info] 
[info] Visit this URL on this device to log in:
[info] https://github.com/login/oauth/authorize?client_id=89cf50f02ac6aaed3484&state=112862933&redirect_uri=http%3A%2F%2Flocalhost%3A9005&scope=read%3Auser%20repo%20public_repo
[info] 
[info] Waiting for authentication...
